Determining if the pthread_create exist failed with the following output:
Change Dir: /home/lab16/catkin_ws/src/librealsense-2.10.3/CMakeFiles/CMakeTmp

Run Build Command:"/usr/bin/make" "cmTC_d8908/fast"
/usr/bin/make -f CMakeFiles/cmTC_d8908.dir/build.make CMakeFiles/cmTC_d8908.dir/build
make[1]: Entering directory '/home/lab16/catkin_ws/src/librealsense-2.10.3/CMakeFiles/CMakeTmp'
Building C object CMakeFiles/cmTC_d8908.dir/CheckSymbolExists.c.o
/usr/bin/cc     -o CMakeFiles/cmTC_d8908.dir/CheckSymbolExists.c.o   -c /home/lab16/catkin_ws/src/librealsense-2.10.3/CMakeFiles/CMakeTmp/CheckSymbolExists.c
Linking C executable cmTC_d8908
/usr/bin/cmake -E cmake_link_script CMakeFiles/cmTC_d8908.dir/link.txt --verbose=1
/usr/bin/cc       CMakeFiles/cmTC_d8908.dir/CheckSymbolExists.c.o  -o cmTC_d8908 -rdynamic 
CMakeFiles/cmTC_d8908.dir/CheckSymbolExists.c.o: In function `main':
CheckSymbolExists.c:(.text+0x16): undefined reference to `pthread_create'
collect2: error: ld returned 1 exit status
CMakeFiles/cmTC_d8908.dir/build.make:97: recipe for target 'cmTC_d8908' failed
make[1]: *** [cmTC_d8908] Error 1
make[1]: Leaving directory '/home/lab16/catkin_ws/src/librealsense-2.10.3/CMakeFiles/CMakeTmp'
Makefile:126: recipe for target 'cmTC_d8908/fast' failed
make: *** [cmTC_d8908/fast] Error 2

File /home/lab16/catkin_ws/src/librealsense-2.10.3/CMakeFiles/CMakeTmp/CheckSymbolExists.c:
/* */
#include <pthread.h>

int main(int argc, char** argv)
{
  (void)argv;
#ifndef pthread_create
  return ((int*)(&pthread_create))[argc];
#else
  (void)argc;
  return 0;
#endif
}

Determining if the function pthread_create exists in the pthreads failed with the following output:
Change Dir: /home/lab16/catkin_ws/src/librealsense-2.10.3/CMakeFiles/CMakeTmp

Run Build Command:"/usr/bin/make" "cmTC_bc03a/fast"
/usr/bin/make -f CMakeFiles/cmTC_bc03a.dir/build.make CMakeFiles/cmTC_bc03a.dir/build
make[1]: Entering directory '/home/lab16/catkin_ws/src/librealsense-2.10.3/CMakeFiles/CMakeTmp'
Building C object CMakeFiles/cmTC_bc03a.dir/CheckFunctionExists.c.o
/usr/bin/cc    -DCHECK_FUNCTION_EXISTS=pthread_create   -o CMakeFiles/cmTC_bc03a.dir/CheckFunctionExists.c.o   -c /usr/share/cmake-3.5/Modules/CheckFunctionExists.c
Linking C executable cmTC_bc03a
/usr/bin/cmake -E cmake_link_script CMakeFiles/cmTC_bc03a.dir/link.txt --verbose=1
/usr/bin/cc   -DCHECK_FUNCTION_EXISTS=pthread_create    CMakeFiles/cmTC_bc03a.dir/CheckFunctionExists.c.o  -o cmTC_bc03a -rdynamic -lpthreads 
/usr/bin/ld: cannot find -lpthreads
collect2: error: ld returned 1 exit status
CMakeFiles/cmTC_bc03a.dir/build.make:97: recipe for target 'cmTC_bc03a' failed
make[1]: *** [cmTC_bc03a] Error 1
make[1]: Leaving directory '/home/lab16/catkin_ws/src/librealsense-2.10.3/CMakeFiles/CMakeTmp'
Makefile:126: recipe for target 'cmTC_bc03a/fast' failed
make: *** [cmTC_bc03a/fast] Error 2


Determining if the CL_VERSION_2_0 exist failed with the following output:
Change Dir: /home/lab16/catkin_ws/src/librealsense-2.10.3/CMakeFiles/CMakeTmp

Run Build Command:"/usr/bin/make" "cmTC_7f630/fast"
/usr/bin/make -f CMakeFiles/cmTC_7f630.dir/build.make CMakeFiles/cmTC_7f630.dir/build
make[1]: Entering directory '/home/lab16/catkin_ws/src/librealsense-2.10.3/CMakeFiles/CMakeTmp'
Building C object CMakeFiles/cmTC_7f630.dir/CheckSymbolExists.c.o
/usr/bin/cc   -I/usr/local/cuda-10.2/include   -o CMakeFiles/cmTC_7f630.dir/CheckSymbolExists.c.o   -c /home/lab16/catkin_ws/src/librealsense-2.10.3/CMakeFiles/CMakeTmp/CheckSymbolExists.c
/home/lab16/catkin_ws/src/librealsense-2.10.3/CMakeFiles/CMakeTmp/CheckSymbolExists.c: In function ‘main’:
/home/lab16/catkin_ws/src/librealsense-2.10.3/CMakeFiles/CMakeTmp/CheckSymbolExists.c:8:19: error: ‘CL_VERSION_2_0’ undeclared (first use in this function)
   return ((int*)(&CL_VERSION_2_0))[argc];
                   ^
/home/lab16/catkin_ws/src/librealsense-2.10.3/CMakeFiles/CMakeTmp/CheckSymbolExists.c:8:19: note: each undeclared identifier is reported only once for each function it appears in
CMakeFiles/cmTC_7f630.dir/build.make:65: recipe for target 'CMakeFiles/cmTC_7f630.dir/CheckSymbolExists.c.o' failed
make[1]: *** [CMakeFiles/cmTC_7f630.dir/CheckSymbolExists.c.o] Error 1
make[1]: Leaving directory '/home/lab16/catkin_ws/src/librealsense-2.10.3/CMakeFiles/CMakeTmp'
Makefile:126: recipe for target 'cmTC_7f630/fast' failed
make: *** [cmTC_7f630/fast] Error 2

File /home/lab16/catkin_ws/src/librealsense-2.10.3/CMakeFiles/CMakeTmp/CheckSymbolExists.c:
/* */
#include </usr/local/cuda-10.2/include/CL/cl.h>

int main(int argc, char** argv)
{
  (void)argv;
#ifndef CL_VERSION_2_0
  return ((int*)(&CL_VERSION_2_0))[argc];
#else
  (void)argc;
  return 0;
#endif
}

